{"level":"info","message":"GET /employees","service":"user-service","timestamp":"2024-03-28T10:58:58.672Z"}
{"level":"info","message":"GET /plugins/fontawesome-free/css/all.min.css","service":"user-service","timestamp":"2024-03-28T10:58:59.502Z"}
{"level":"info","message":"GET /plugins/overlayScrollbars/css/OverlayScrollbars.min.css","service":"user-service","timestamp":"2024-03-28T10:58:59.504Z"}
{"level":"info","message":"GET /css/adminlte.min.css","service":"user-service","timestamp":"2024-03-28T10:58:59.527Z"}
{"level":"info","message":"GET /plugins/datatables-bs4/css/dataTables.bootstrap4.min.css","service":"user-service","timestamp":"2024-03-28T10:58:59.534Z"}
{"level":"info","message":"GET /plugins/datatables-responsive/css/responsive.bootstrap4.min.css","service":"user-service","timestamp":"2024-03-28T10:58:59.538Z"}
{"level":"info","message":"GET /plugins/datatables-buttons/css/buttons.bootstrap4.min.css","service":"user-service","timestamp":"2024-03-28T10:58:59.547Z"}
{"level":"info","message":"GET /plugins/sweetalert2/sweetalert2.min.css","service":"user-service","timestamp":"2024-03-28T10:58:59.551Z"}
{"level":"info","message":"GET /plugins/notyf/notyf.min.css","service":"user-service","timestamp":"2024-03-28T10:58:59.558Z"}
{"level":"info","message":"GET /plugins/jquery/jquery.min.js","service":"user-service","timestamp":"2024-03-28T10:58:59.577Z"}
{"level":"info","message":"GET /plugins/bootstrap/js/bootstrap.bundle.min.js","service":"user-service","timestamp":"2024-03-28T10:58:59.597Z"}
{"level":"info","message":"GET /plugins/overlayScrollbars/js/jquery.overlayScrollbars.min.js","service":"user-service","timestamp":"2024-03-28T10:58:59.613Z"}
{"level":"info","message":"GET /js/adminlte.js","service":"user-service","timestamp":"2024-03-28T10:58:59.670Z"}
{"level":"info","message":"GET /plugins/jquery-mousewheel/jquery.mousewheel.js","service":"user-service","timestamp":"2024-03-28T10:58:59.699Z"}
{"level":"info","message":"GET /plugins/raphael/raphael.min.js","service":"user-service","timestamp":"2024-03-28T10:58:59.728Z"}
{"level":"info","message":"GET /plugins/jquery-mapael/jquery.mapael.min.js","service":"user-service","timestamp":"2024-03-28T10:58:59.733Z"}
{"level":"info","message":"GET /plugins/jquery-mapael/maps/usa_states.min.js","service":"user-service","timestamp":"2024-03-28T10:58:59.815Z"}
{"level":"info","message":"GET /plugins/chart.js/Chart.min.js","service":"user-service","timestamp":"2024-03-28T10:58:59.822Z"}
{"level":"info","message":"GET /js/pages/dashboard2.js","service":"user-service","timestamp":"2024-03-28T10:58:59.865Z"}
{"level":"info","message":"GET /plugins/datatables/jquery.dataTables.min.js","service":"user-service","timestamp":"2024-03-28T10:58:59.873Z"}
{"level":"info","message":"GET /plugins/datatables-bs4/js/dataTables.bootstrap4.min.js","service":"user-service","timestamp":"2024-03-28T10:58:59.887Z"}
{"level":"info","message":"GET /plugins/datatables-responsive/js/dataTables.responsive.min.js","service":"user-service","timestamp":"2024-03-28T10:58:59.904Z"}
{"level":"info","message":"GET /plugins/datatables-responsive/js/responsive.bootstrap4.min.js","service":"user-service","timestamp":"2024-03-28T10:58:59.962Z"}
{"level":"info","message":"GET /plugins/datatables-buttons/js/dataTables.buttons.min.js","service":"user-service","timestamp":"2024-03-28T10:58:59.967Z"}
{"level":"info","message":"GET /plugins/datatables-buttons/js/buttons.bootstrap4.min.js","service":"user-service","timestamp":"2024-03-28T10:59:00.002Z"}
{"level":"info","message":"GET /plugins/jszip/jszip.min.js","service":"user-service","timestamp":"2024-03-28T10:59:00.014Z"}
{"level":"info","message":"GET /plugins/pdfmake/pdfmake.min.js","service":"user-service","timestamp":"2024-03-28T10:59:00.032Z"}
{"level":"info","message":"GET /plugins/pdfmake/vfs_fonts.js","service":"user-service","timestamp":"2024-03-28T10:59:00.049Z"}
{"level":"info","message":"GET /plugins/datatables-buttons/js/buttons.html5.min.js","service":"user-service","timestamp":"2024-03-28T10:59:00.132Z"}
{"level":"info","message":"GET /plugins/datatables-buttons/js/buttons.print.min.js","service":"user-service","timestamp":"2024-03-28T10:59:00.145Z"}
{"level":"info","message":"GET /plugins/datatables-buttons/js/buttons.colVis.min.js","service":"user-service","timestamp":"2024-03-28T10:59:00.153Z"}
{"level":"info","message":"GET /plugins/sweetalert2/sweetalert2.all.min.js","service":"user-service","timestamp":"2024-03-28T10:59:00.161Z"}
{"level":"info","message":"GET /plugins/notyf/notyf.min.js","service":"user-service","timestamp":"2024-03-28T10:59:00.167Z"}
{"level":"info","message":"GET /js/script.js","service":"user-service","timestamp":"2024-03-28T10:59:00.188Z"}
{"level":"info","message":"GET /favicon.ico","service":"user-service","timestamp":"2024-03-28T10:59:01.631Z"}
{"level":"info","message":"GET /404","service":"user-service","timestamp":"2024-03-28T10:59:01.912Z"}
{"level":"info","message":"GET /error?code=404&title=Page+Not+Found&message=It+looks+like+you+found+a+glitch+in+the+matrix...","service":"user-service","timestamp":"2024-03-28T10:59:01.952Z"}
{"level":"info","message":"GET /employees","service":"user-service","timestamp":"2024-03-28T11:00:28.360Z"}
{"level":"info","message":"GET /favicon.ico","service":"user-service","timestamp":"2024-03-28T11:00:30.524Z"}
{"level":"info","message":"GET /404","service":"user-service","timestamp":"2024-03-28T11:00:30.558Z"}
{"level":"info","message":"GET /error?code=404&title=Page+Not+Found&message=It+looks+like+you+found+a+glitch+in+the+matrix...","service":"user-service","timestamp":"2024-03-28T11:00:30.585Z"}
{"level":"info","message":"GET /employees","service":"user-service","timestamp":"2024-03-28T11:06:02.434Z"}
{"level":"info","message":"GET /employees","service":"user-service","timestamp":"2024-03-28T11:06:35.505Z"}
{"level":"info","message":"GET /employees","service":"user-service","timestamp":"2024-03-28T11:06:49.601Z"}
{"level":"info","message":"GET /employees","service":"user-service","timestamp":"2024-03-28T11:07:42.456Z"}
{"level":"info","message":"GET /employees","service":"user-service","timestamp":"2024-03-28T11:07:43.759Z"}
{"level":"info","message":"GET /employees","service":"user-service","timestamp":"2024-03-28T11:07:43.921Z"}
{"level":"info","message":"GET /employees","service":"user-service","timestamp":"2024-03-28T11:07:58.331Z"}
{"level":"info","message":"GET /employees","service":"user-service","timestamp":"2024-03-28T11:08:37.030Z"}
{"level":"info","message":"GET /employees","service":"user-service","timestamp":"2024-03-28T11:08:38.403Z"}
{"level":"info","message":"GET /employees","service":"user-service","timestamp":"2024-03-28T11:08:38.473Z"}
{"level":"info","message":"GET /employees","service":"user-service","timestamp":"2024-03-28T11:08:38.654Z"}
{"level":"info","message":"GET /employees","service":"user-service","timestamp":"2024-03-28T11:08:54.501Z"}
{"level":"info","message":"GET /favicon.ico","service":"user-service","timestamp":"2024-03-28T11:08:55.913Z"}
{"level":"info","message":"GET /404","service":"user-service","timestamp":"2024-03-28T11:08:55.939Z"}
{"level":"info","message":"GET /error?code=404&title=Page+Not+Found&message=It+looks+like+you+found+a+glitch+in+the+matrix...","service":"user-service","timestamp":"2024-03-28T11:08:55.957Z"}
{"level":"info","message":"GET /employees","service":"user-service","timestamp":"2024-03-28T11:09:07.862Z"}
{"level":"info","message":"GET /favicon.ico","service":"user-service","timestamp":"2024-03-28T11:09:08.964Z"}
{"level":"info","message":"GET /404","service":"user-service","timestamp":"2024-03-28T11:09:09.151Z"}
{"level":"info","message":"GET /error?code=404&title=Page+Not+Found&message=It+looks+like+you+found+a+glitch+in+the+matrix...","service":"user-service","timestamp":"2024-03-28T11:09:09.187Z"}
{"level":"info","message":"GET /employees","service":"user-service","timestamp":"2024-03-28T11:10:07.050Z"}
{"level":"info","message":"GET /favicon.ico","service":"user-service","timestamp":"2024-03-28T11:10:07.714Z"}
{"level":"info","message":"GET /404","service":"user-service","timestamp":"2024-03-28T11:10:07.732Z"}
{"level":"info","message":"GET /error?code=404&title=Page+Not+Found&message=It+looks+like+you+found+a+glitch+in+the+matrix...","service":"user-service","timestamp":"2024-03-28T11:10:07.878Z"}
{"level":"info","message":"GET /employees","service":"user-service","timestamp":"2024-03-28T11:10:08.262Z"}
{"level":"info","message":"GET /employees","service":"user-service","timestamp":"2024-03-28T11:10:08.499Z"}
{"level":"info","message":"GET /employees","service":"user-service","timestamp":"2024-03-28T11:10:08.594Z"}
{"level":"info","message":"GET /employees","service":"user-service","timestamp":"2024-03-28T11:10:08.753Z"}
{"level":"info","message":"GET /favicon.ico","service":"user-service","timestamp":"2024-03-28T11:10:09.280Z"}
{"level":"info","message":"GET /404","service":"user-service","timestamp":"2024-03-28T11:10:09.338Z"}
{"level":"info","message":"GET /error?code=404&title=Page+Not+Found&message=It+looks+like+you+found+a+glitch+in+the+matrix...","service":"user-service","timestamp":"2024-03-28T11:10:09.370Z"}
{"level":"info","message":"GET /employees","service":"user-service","timestamp":"2024-03-28T11:25:58.471Z"}
{"level":"info","message":"GET /favicon.ico","service":"user-service","timestamp":"2024-03-28T11:26:00.368Z"}
{"level":"info","message":"GET /404","service":"user-service","timestamp":"2024-03-28T11:26:00.401Z"}
{"level":"info","message":"GET /error?code=404&title=Page+Not+Found&message=It+looks+like+you+found+a+glitch+in+the+matrix...","service":"user-service","timestamp":"2024-03-28T11:26:00.413Z"}
{"level":"info","message":"GET /employees","service":"user-service","timestamp":"2024-03-28T11:26:01.366Z"}
{"level":"info","message":"GET /favicon.ico","service":"user-service","timestamp":"2024-03-28T11:26:01.950Z"}
{"level":"info","message":"GET /404","service":"user-service","timestamp":"2024-03-28T11:26:02.028Z"}
{"level":"info","message":"GET /error?code=404&title=Page+Not+Found&message=It+looks+like+you+found+a+glitch+in+the+matrix...","service":"user-service","timestamp":"2024-03-28T11:26:02.050Z"}
{"level":"info","message":"GET /employees","service":"user-service","timestamp":"2024-03-28T11:26:02.323Z"}
{"level":"info","message":"GET /favicon.ico","service":"user-service","timestamp":"2024-03-28T11:26:02.639Z"}
{"level":"info","message":"GET /404","service":"user-service","timestamp":"2024-03-28T11:26:02.651Z"}
{"level":"info","message":"GET /error?code=404&title=Page+Not+Found&message=It+looks+like+you+found+a+glitch+in+the+matrix...","service":"user-service","timestamp":"2024-03-28T11:26:02.722Z"}
{"level":"info","message":"GET /employees","service":"user-service","timestamp":"2024-03-28T11:27:05.874Z"}
{"level":"info","message":"GET /favicon.ico","service":"user-service","timestamp":"2024-03-28T11:27:06.236Z"}
{"level":"info","message":"GET /404","service":"user-service","timestamp":"2024-03-28T11:27:06.250Z"}
{"level":"info","message":"GET /error?code=404&title=Page+Not+Found&message=It+looks+like+you+found+a+glitch+in+the+matrix...","service":"user-service","timestamp":"2024-03-28T11:27:06.257Z"}
{"level":"info","message":"GET /employees","service":"user-service","timestamp":"2024-03-28T11:30:06.543Z"}
{"level":"info","message":"GET /plugins/fontawesome-free/css/all.min.css","service":"user-service","timestamp":"2024-03-28T11:30:06.855Z"}
{"level":"info","message":"GET /plugins/overlayScrollbars/css/OverlayScrollbars.min.css","service":"user-service","timestamp":"2024-03-28T11:30:06.862Z"}
{"level":"info","message":"GET /css/adminlte.min.css","service":"user-service","timestamp":"2024-03-28T11:30:06.870Z"}
{"level":"info","message":"GET /plugins/datatables-bs4/css/dataTables.bootstrap4.min.css","service":"user-service","timestamp":"2024-03-28T11:30:06.883Z"}
{"level":"info","message":"GET /plugins/datatables-responsive/css/responsive.bootstrap4.min.css","service":"user-service","timestamp":"2024-03-28T11:30:06.899Z"}
{"level":"info","message":"GET /plugins/datatables-buttons/css/buttons.bootstrap4.min.css","service":"user-service","timestamp":"2024-03-28T11:30:06.902Z"}
{"level":"info","message":"GET /plugins/sweetalert2/sweetalert2.min.css","service":"user-service","timestamp":"2024-03-28T11:30:06.905Z"}
{"level":"info","message":"GET /plugins/notyf/notyf.min.css","service":"user-service","timestamp":"2024-03-28T11:30:06.923Z"}
{"level":"info","message":"GET /plugins/jquery/jquery.min.js","service":"user-service","timestamp":"2024-03-28T11:30:06.938Z"}
{"level":"info","message":"GET /plugins/bootstrap/js/bootstrap.bundle.min.js","service":"user-service","timestamp":"2024-03-28T11:30:06.941Z"}
{"level":"info","message":"GET /plugins/overlayScrollbars/js/jquery.overlayScrollbars.min.js","service":"user-service","timestamp":"2024-03-28T11:30:06.949Z"}
{"level":"info","message":"GET /js/adminlte.js","service":"user-service","timestamp":"2024-03-28T11:30:06.957Z"}
{"level":"info","message":"GET /plugins/jquery-mousewheel/jquery.mousewheel.js","service":"user-service","timestamp":"2024-03-28T11:30:06.961Z"}
{"level":"info","message":"GET /plugins/raphael/raphael.min.js","service":"user-service","timestamp":"2024-03-28T11:30:07.002Z"}
{"level":"info","message":"GET /plugins/jquery-mapael/jquery.mapael.min.js","service":"user-service","timestamp":"2024-03-28T11:30:07.005Z"}
{"level":"info","message":"GET /plugins/jquery-mapael/maps/usa_states.min.js","service":"user-service","timestamp":"2024-03-28T11:30:07.007Z"}
{"level":"info","message":"GET /plugins/chart.js/Chart.min.js","service":"user-service","timestamp":"2024-03-28T11:30:07.012Z"}
{"level":"info","message":"GET /js/pages/dashboard2.js","service":"user-service","timestamp":"2024-03-28T11:30:07.017Z"}
{"level":"info","message":"GET /plugins/datatables/jquery.dataTables.min.js","service":"user-service","timestamp":"2024-03-28T11:30:07.022Z"}
{"level":"info","message":"GET /plugins/datatables-bs4/js/dataTables.bootstrap4.min.js","service":"user-service","timestamp":"2024-03-28T11:30:07.048Z"}
{"level":"info","message":"GET /plugins/datatables-responsive/js/dataTables.responsive.min.js","service":"user-service","timestamp":"2024-03-28T11:30:07.061Z"}
{"level":"info","message":"GET /plugins/datatables-responsive/js/responsive.bootstrap4.min.js","service":"user-service","timestamp":"2024-03-28T11:30:07.065Z"}
{"level":"info","message":"GET /plugins/datatables-buttons/js/dataTables.buttons.min.js","service":"user-service","timestamp":"2024-03-28T11:30:07.067Z"}
{"level":"info","message":"GET /plugins/datatables-buttons/js/buttons.bootstrap4.min.js","service":"user-service","timestamp":"2024-03-28T11:30:07.070Z"}
{"level":"info","message":"GET /plugins/jszip/jszip.min.js","service":"user-service","timestamp":"2024-03-28T11:30:07.105Z"}
{"level":"info","message":"GET /plugins/pdfmake/pdfmake.min.js","service":"user-service","timestamp":"2024-03-28T11:30:07.108Z"}
{"level":"info","message":"GET /plugins/pdfmake/vfs_fonts.js","service":"user-service","timestamp":"2024-03-28T11:30:07.115Z"}
{"level":"info","message":"GET /plugins/datatables-buttons/js/buttons.html5.min.js","service":"user-service","timestamp":"2024-03-28T11:30:07.118Z"}
{"level":"info","message":"GET /plugins/datatables-buttons/js/buttons.print.min.js","service":"user-service","timestamp":"2024-03-28T11:30:07.124Z"}
{"level":"info","message":"GET /plugins/datatables-buttons/js/buttons.colVis.min.js","service":"user-service","timestamp":"2024-03-28T11:30:07.126Z"}
{"level":"info","message":"GET /plugins/sweetalert2/sweetalert2.all.min.js","service":"user-service","timestamp":"2024-03-28T11:30:07.154Z"}
{"level":"info","message":"GET /plugins/notyf/notyf.min.js","service":"user-service","timestamp":"2024-03-28T11:30:07.169Z"}
{"level":"info","message":"GET /js/script.js","service":"user-service","timestamp":"2024-03-28T11:30:07.173Z"}
{"level":"info","message":"GET /favicon.ico","service":"user-service","timestamp":"2024-03-28T11:30:07.292Z"}
{"level":"info","message":"GET /404","service":"user-service","timestamp":"2024-03-28T11:30:07.305Z"}
{"level":"info","message":"GET /error?code=404&title=Page+Not+Found&message=It+looks+like+you+found+a+glitch+in+the+matrix...","service":"user-service","timestamp":"2024-03-28T11:30:07.318Z"}
{"level":"info","message":"GET /employees","service":"user-service","timestamp":"2024-03-28T11:34:53.235Z"}
{"level":"info","message":"GET /plugins/fontawesome-free/css/all.min.css","service":"user-service","timestamp":"2024-03-28T11:34:53.468Z"}
{"level":"info","message":"GET /plugins/overlayScrollbars/css/OverlayScrollbars.min.css","service":"user-service","timestamp":"2024-03-28T11:34:53.477Z"}
{"level":"info","message":"GET /css/adminlte.min.css","service":"user-service","timestamp":"2024-03-28T11:34:53.484Z"}
{"level":"info","message":"GET /plugins/datatables-bs4/css/dataTables.bootstrap4.min.css","service":"user-service","timestamp":"2024-03-28T11:34:53.487Z"}
{"level":"info","message":"GET /plugins/datatables-responsive/css/responsive.bootstrap4.min.css","service":"user-service","timestamp":"2024-03-28T11:34:53.490Z"}
{"level":"info","message":"GET /plugins/datatables-buttons/css/buttons.bootstrap4.min.css","service":"user-service","timestamp":"2024-03-28T11:34:53.493Z"}
{"level":"info","message":"GET /plugins/sweetalert2/sweetalert2.min.css","service":"user-service","timestamp":"2024-03-28T11:34:53.501Z"}
{"level":"info","message":"GET /plugins/notyf/notyf.min.css","service":"user-service","timestamp":"2024-03-28T11:34:53.505Z"}
{"level":"info","message":"GET /plugins/jquery/jquery.min.js","service":"user-service","timestamp":"2024-03-28T11:34:53.514Z"}
{"level":"info","message":"GET /plugins/bootstrap/js/bootstrap.bundle.min.js","service":"user-service","timestamp":"2024-03-28T11:34:53.519Z"}
{"level":"info","message":"GET /plugins/overlayScrollbars/js/jquery.overlayScrollbars.min.js","service":"user-service","timestamp":"2024-03-28T11:34:53.521Z"}
{"level":"info","message":"GET /js/adminlte.js","service":"user-service","timestamp":"2024-03-28T11:34:53.530Z"}
{"level":"info","message":"GET /plugins/jquery-mousewheel/jquery.mousewheel.js","service":"user-service","timestamp":"2024-03-28T11:34:53.535Z"}
{"level":"info","message":"GET /plugins/raphael/raphael.min.js","service":"user-service","timestamp":"2024-03-28T11:34:53.616Z"}
{"level":"info","message":"GET /plugins/jquery-mapael/jquery.mapael.min.js","service":"user-service","timestamp":"2024-03-28T11:34:53.748Z"}
{"level":"info","message":"GET /plugins/jquery-mapael/maps/usa_states.min.js","service":"user-service","timestamp":"2024-03-28T11:34:53.752Z"}
{"level":"info","message":"GET /plugins/chart.js/Chart.min.js","service":"user-service","timestamp":"2024-03-28T11:34:53.790Z"}
{"level":"info","message":"GET /js/pages/dashboard2.js","service":"user-service","timestamp":"2024-03-28T11:34:53.802Z"}
{"level":"info","message":"GET /plugins/datatables/jquery.dataTables.min.js","service":"user-service","timestamp":"2024-03-28T11:34:53.829Z"}
{"level":"info","message":"GET /plugins/datatables-bs4/js/dataTables.bootstrap4.min.js","service":"user-service","timestamp":"2024-03-28T11:34:53.840Z"}
{"level":"info","message":"GET /plugins/datatables-responsive/js/dataTables.responsive.min.js","service":"user-service","timestamp":"2024-03-28T11:34:53.861Z"}
{"level":"info","message":"GET /plugins/datatables-responsive/js/responsive.bootstrap4.min.js","service":"user-service","timestamp":"2024-03-28T11:34:53.865Z"}
{"level":"info","message":"GET /plugins/datatables-buttons/js/dataTables.buttons.min.js","service":"user-service","timestamp":"2024-03-28T11:34:53.887Z"}
{"level":"info","message":"GET /plugins/datatables-buttons/js/buttons.bootstrap4.min.js","service":"user-service","timestamp":"2024-03-28T11:34:53.901Z"}
{"level":"info","message":"GET /plugins/jszip/jszip.min.js","service":"user-service","timestamp":"2024-03-28T11:34:53.921Z"}
{"level":"info","message":"GET /plugins/pdfmake/pdfmake.min.js","service":"user-service","timestamp":"2024-03-28T11:34:53.927Z"}
{"level":"info","message":"GET /plugins/pdfmake/vfs_fonts.js","service":"user-service","timestamp":"2024-03-28T11:34:53.932Z"}
{"level":"info","message":"GET /plugins/datatables-buttons/js/buttons.html5.min.js","service":"user-service","timestamp":"2024-03-28T11:34:53.955Z"}
{"level":"info","message":"GET /plugins/datatables-buttons/js/buttons.print.min.js","service":"user-service","timestamp":"2024-03-28T11:34:53.975Z"}
{"level":"info","message":"GET /plugins/datatables-buttons/js/buttons.colVis.min.js","service":"user-service","timestamp":"2024-03-28T11:34:53.979Z"}
{"level":"info","message":"GET /plugins/sweetalert2/sweetalert2.all.min.js","service":"user-service","timestamp":"2024-03-28T11:34:53.991Z"}
{"level":"info","message":"GET /plugins/notyf/notyf.min.js","service":"user-service","timestamp":"2024-03-28T11:34:54.004Z"}
{"level":"info","message":"GET /js/script.js","service":"user-service","timestamp":"2024-03-28T11:34:54.011Z"}
{"level":"info","message":"GET /favicon.ico","service":"user-service","timestamp":"2024-03-28T11:34:54.296Z"}
{"level":"info","message":"GET /404","service":"user-service","timestamp":"2024-03-28T11:34:54.322Z"}
{"level":"info","message":"GET /error?code=404&title=Page+Not+Found&message=It+looks+like+you+found+a+glitch+in+the+matrix...","service":"user-service","timestamp":"2024-03-28T11:34:54.340Z"}
{"level":"info","message":"GET /employees","service":"user-service","timestamp":"2024-03-28T11:35:00.512Z"}
{"level":"info","message":"GET /favicon.ico","service":"user-service","timestamp":"2024-03-28T11:35:00.853Z"}
{"level":"info","message":"GET /404","service":"user-service","timestamp":"2024-03-28T11:35:00.941Z"}
{"level":"info","message":"GET /error?code=404&title=Page+Not+Found&message=It+looks+like+you+found+a+glitch+in+the+matrix...","service":"user-service","timestamp":"2024-03-28T11:35:00.956Z"}
{"level":"info","message":"GET /employees","service":"user-service","timestamp":"2024-03-28T11:38:51.908Z"}
{"level":"info","message":"GET /employees","service":"user-service","timestamp":"2024-03-28T11:40:30.873Z"}
{"level":"info","message":"GET /employees","service":"user-service","timestamp":"2024-03-28T11:43:04.601Z"}
{"level":"info","message":"GET /employees","service":"user-service","timestamp":"2024-03-28T11:44:19.427Z"}
{"level":"info","message":"GET /plugins/fontawesome-free/css/all.min.css","service":"user-service","timestamp":"2024-03-28T11:44:19.537Z"}
{"level":"info","message":"GET /plugins/overlayScrollbars/css/OverlayScrollbars.min.css","service":"user-service","timestamp":"2024-03-28T11:44:19.541Z"}
{"level":"info","message":"GET /css/adminlte.min.css","service":"user-service","timestamp":"2024-03-28T11:44:19.557Z"}
{"level":"info","message":"GET /plugins/datatables-responsive/css/responsive.bootstrap4.min.css","service":"user-service","timestamp":"2024-03-28T11:44:19.560Z"}
{"level":"info","message":"GET /plugins/datatables-bs4/css/dataTables.bootstrap4.min.css","service":"user-service","timestamp":"2024-03-28T11:44:19.566Z"}
{"level":"info","message":"GET /plugins/datatables-buttons/css/buttons.bootstrap4.min.css","service":"user-service","timestamp":"2024-03-28T11:44:19.569Z"}
{"level":"info","message":"GET /plugins/sweetalert2/sweetalert2.min.css","service":"user-service","timestamp":"2024-03-28T11:44:19.587Z"}
{"level":"info","message":"GET /plugins/notyf/notyf.min.css","service":"user-service","timestamp":"2024-03-28T11:44:19.596Z"}
{"level":"info","message":"GET /plugins/jquery/jquery.min.js","service":"user-service","timestamp":"2024-03-28T11:44:19.637Z"}
{"level":"info","message":"GET /plugins/bootstrap/js/bootstrap.bundle.min.js","service":"user-service","timestamp":"2024-03-28T11:44:19.652Z"}
{"level":"info","message":"GET /plugins/overlayScrollbars/js/jquery.overlayScrollbars.min.js","service":"user-service","timestamp":"2024-03-28T11:44:19.661Z"}
{"level":"info","message":"GET /js/adminlte.js","service":"user-service","timestamp":"2024-03-28T11:44:19.666Z"}
{"level":"info","message":"GET /plugins/jquery-mousewheel/jquery.mousewheel.js","service":"user-service","timestamp":"2024-03-28T11:44:19.696Z"}
{"level":"info","message":"GET /plugins/raphael/raphael.min.js","service":"user-service","timestamp":"2024-03-28T11:44:19.701Z"}
{"level":"info","message":"GET /plugins/jquery-mapael/jquery.mapael.min.js","service":"user-service","timestamp":"2024-03-28T11:44:19.706Z"}
{"level":"info","message":"GET /plugins/jquery-mapael/maps/usa_states.min.js","service":"user-service","timestamp":"2024-03-28T11:44:19.717Z"}
{"level":"info","message":"GET /plugins/chart.js/Chart.min.js","service":"user-service","timestamp":"2024-03-28T11:44:19.725Z"}
{"level":"info","message":"GET /js/pages/dashboard2.js","service":"user-service","timestamp":"2024-03-28T11:44:19.739Z"}
{"level":"info","message":"GET /plugins/datatables/jquery.dataTables.min.js","service":"user-service","timestamp":"2024-03-28T11:44:19.782Z"}
{"level":"info","message":"GET /plugins/datatables-bs4/js/dataTables.bootstrap4.min.js","service":"user-service","timestamp":"2024-03-28T11:44:19.805Z"}
{"level":"info","message":"GET /plugins/datatables-responsive/js/dataTables.responsive.min.js","service":"user-service","timestamp":"2024-03-28T11:44:19.810Z"}
{"level":"info","message":"GET /plugins/datatables-responsive/js/responsive.bootstrap4.min.js","service":"user-service","timestamp":"2024-03-28T11:44:19.827Z"}
{"level":"info","message":"GET /plugins/datatables-buttons/js/dataTables.buttons.min.js","service":"user-service","timestamp":"2024-03-28T11:44:19.832Z"}
{"level":"info","message":"GET /plugins/datatables-buttons/js/buttons.bootstrap4.min.js","service":"user-service","timestamp":"2024-03-28T11:44:19.846Z"}
{"level":"info","message":"GET /plugins/jszip/jszip.min.js","service":"user-service","timestamp":"2024-03-28T11:44:19.871Z"}
{"level":"info","message":"GET /plugins/pdfmake/pdfmake.min.js","service":"user-service","timestamp":"2024-03-28T11:44:19.894Z"}
{"level":"info","message":"GET /plugins/pdfmake/vfs_fonts.js","service":"user-service","timestamp":"2024-03-28T11:44:19.913Z"}
{"level":"info","message":"GET /plugins/datatables-buttons/js/buttons.html5.min.js","service":"user-service","timestamp":"2024-03-28T11:44:19.948Z"}
{"level":"info","message":"GET /plugins/datatables-buttons/js/buttons.print.min.js","service":"user-service","timestamp":"2024-03-28T11:44:19.965Z"}
{"level":"info","message":"GET /plugins/datatables-buttons/js/buttons.colVis.min.js","service":"user-service","timestamp":"2024-03-28T11:44:19.972Z"}
{"level":"info","message":"GET /plugins/sweetalert2/sweetalert2.all.min.js","service":"user-service","timestamp":"2024-03-28T11:44:19.978Z"}
{"level":"info","message":"GET /plugins/notyf/notyf.min.js","service":"user-service","timestamp":"2024-03-28T11:44:20.008Z"}
{"level":"info","message":"GET /js/script.js","service":"user-service","timestamp":"2024-03-28T11:44:20.037Z"}
{"level":"info","message":"GET /favicon.ico","service":"user-service","timestamp":"2024-03-28T11:44:20.244Z"}
{"level":"info","message":"GET /404","service":"user-service","timestamp":"2024-03-28T11:44:20.257Z"}
{"level":"info","message":"GET /error?code=404&title=Page+Not+Found&message=It+looks+like+you+found+a+glitch+in+the+matrix...","service":"user-service","timestamp":"2024-03-28T11:44:20.268Z"}
{"level":"info","message":"GET /employees","service":"user-service","timestamp":"2024-03-28T11:45:06.658Z"}
{"level":"info","message":"GET /employees","service":"user-service","timestamp":"2024-03-28T11:45:26.147Z"}
{"level":"info","message":"GET /plugins/fontawesome-free/css/all.min.css","service":"user-service","timestamp":"2024-03-28T11:45:26.356Z"}
{"level":"info","message":"GET /plugins/overlayScrollbars/css/OverlayScrollbars.min.css","service":"user-service","timestamp":"2024-03-28T11:45:26.358Z"}
{"level":"info","message":"GET /css/adminlte.min.css","service":"user-service","timestamp":"2024-03-28T11:45:26.367Z"}
{"level":"info","message":"GET /plugins/datatables-bs4/css/dataTables.bootstrap4.min.css","service":"user-service","timestamp":"2024-03-28T11:45:26.374Z"}
{"level":"info","message":"GET /plugins/datatables-responsive/css/responsive.bootstrap4.min.css","service":"user-service","timestamp":"2024-03-28T11:45:26.379Z"}
{"level":"info","message":"GET /plugins/datatables-buttons/css/buttons.bootstrap4.min.css","service":"user-service","timestamp":"2024-03-28T11:45:26.381Z"}
{"level":"info","message":"GET /plugins/sweetalert2/sweetalert2.min.css","service":"user-service","timestamp":"2024-03-28T11:45:26.385Z"}
{"level":"info","message":"GET /plugins/notyf/notyf.min.css","service":"user-service","timestamp":"2024-03-28T11:45:26.388Z"}
{"level":"info","message":"GET /plugins/jquery/jquery.min.js","service":"user-service","timestamp":"2024-03-28T11:45:26.395Z"}
{"level":"info","message":"GET /plugins/bootstrap/js/bootstrap.bundle.min.js","service":"user-service","timestamp":"2024-03-28T11:45:26.399Z"}
{"level":"info","message":"GET /plugins/overlayScrollbars/js/jquery.overlayScrollbars.min.js","service":"user-service","timestamp":"2024-03-28T11:45:26.421Z"}
{"level":"info","message":"GET /js/adminlte.js","service":"user-service","timestamp":"2024-03-28T11:45:26.423Z"}
{"level":"info","message":"GET /plugins/jquery-mousewheel/jquery.mousewheel.js","service":"user-service","timestamp":"2024-03-28T11:45:26.430Z"}
{"level":"info","message":"GET /plugins/raphael/raphael.min.js","service":"user-service","timestamp":"2024-03-28T11:45:26.456Z"}
{"level":"info","message":"GET /plugins/jquery-mapael/jquery.mapael.min.js","service":"user-service","timestamp":"2024-03-28T11:45:26.479Z"}
{"level":"info","message":"GET /plugins/jquery-mapael/maps/usa_states.min.js","service":"user-service","timestamp":"2024-03-28T11:45:26.492Z"}
{"level":"info","message":"GET /plugins/chart.js/Chart.min.js","service":"user-service","timestamp":"2024-03-28T11:45:26.510Z"}
{"level":"info","message":"GET /js/pages/dashboard2.js","service":"user-service","timestamp":"2024-03-28T11:45:26.529Z"}
{"level":"info","message":"GET /plugins/datatables/jquery.dataTables.min.js","service":"user-service","timestamp":"2024-03-28T11:45:26.533Z"}
{"level":"info","message":"GET /plugins/datatables-bs4/js/dataTables.bootstrap4.min.js","service":"user-service","timestamp":"2024-03-28T11:45:26.554Z"}
{"level":"info","message":"GET /plugins/datatables-responsive/js/dataTables.responsive.min.js","service":"user-service","timestamp":"2024-03-28T11:45:26.561Z"}
{"level":"info","message":"GET /plugins/datatables-responsive/js/responsive.bootstrap4.min.js","service":"user-service","timestamp":"2024-03-28T11:45:26.574Z"}
{"level":"info","message":"GET /plugins/datatables-buttons/js/dataTables.buttons.min.js","service":"user-service","timestamp":"2024-03-28T11:45:26.585Z"}
{"level":"info","message":"GET /plugins/datatables-buttons/js/buttons.bootstrap4.min.js","service":"user-service","timestamp":"2024-03-28T11:45:26.594Z"}
{"level":"info","message":"GET /plugins/jszip/jszip.min.js","service":"user-service","timestamp":"2024-03-28T11:45:26.637Z"}
{"level":"info","message":"GET /plugins/pdfmake/pdfmake.min.js","service":"user-service","timestamp":"2024-03-28T11:45:26.670Z"}
{"level":"info","message":"GET /plugins/pdfmake/vfs_fonts.js","service":"user-service","timestamp":"2024-03-28T11:45:26.690Z"}
{"level":"info","message":"GET /plugins/datatables-buttons/js/buttons.html5.min.js","service":"user-service","timestamp":"2024-03-28T11:45:26.704Z"}
{"level":"info","message":"GET /plugins/datatables-buttons/js/buttons.print.min.js","service":"user-service","timestamp":"2024-03-28T11:45:26.716Z"}
{"level":"info","message":"GET /plugins/datatables-buttons/js/buttons.colVis.min.js","service":"user-service","timestamp":"2024-03-28T11:45:26.719Z"}
{"level":"info","message":"GET /plugins/sweetalert2/sweetalert2.all.min.js","service":"user-service","timestamp":"2024-03-28T11:45:26.739Z"}
{"level":"info","message":"GET /plugins/notyf/notyf.min.js","service":"user-service","timestamp":"2024-03-28T11:45:26.771Z"}
{"level":"info","message":"GET /js/script.js","service":"user-service","timestamp":"2024-03-28T11:45:26.800Z"}
{"level":"info","message":"GET /favicon.ico","service":"user-service","timestamp":"2024-03-28T11:45:26.915Z"}
{"level":"info","message":"GET /404","service":"user-service","timestamp":"2024-03-28T11:45:26.923Z"}
{"level":"info","message":"GET /error?code=404&title=Page+Not+Found&message=It+looks+like+you+found+a+glitch+in+the+matrix...","service":"user-service","timestamp":"2024-03-28T11:45:27.018Z"}
{"level":"info","message":"GET /employees","service":"user-service","timestamp":"2024-03-28T11:47:50.996Z"}
{"level":"info","message":"GET /plugins/fontawesome-free/css/all.min.css","service":"user-service","timestamp":"2024-03-28T11:47:51.417Z"}
{"level":"info","message":"GET /plugins/overlayScrollbars/css/OverlayScrollbars.min.css","service":"user-service","timestamp":"2024-03-28T11:47:51.424Z"}
{"level":"info","message":"GET /css/adminlte.min.css","service":"user-service","timestamp":"2024-03-28T11:47:51.435Z"}
{"level":"info","message":"GET /plugins/datatables-bs4/css/dataTables.bootstrap4.min.css","service":"user-service","timestamp":"2024-03-28T11:47:51.439Z"}
{"level":"info","message":"GET /plugins/datatables-responsive/css/responsive.bootstrap4.min.css","service":"user-service","timestamp":"2024-03-28T11:47:51.442Z"}
{"level":"info","message":"GET /plugins/datatables-buttons/css/buttons.bootstrap4.min.css","service":"user-service","timestamp":"2024-03-28T11:47:51.446Z"}
{"level":"info","message":"GET /plugins/sweetalert2/sweetalert2.min.css","service":"user-service","timestamp":"2024-03-28T11:47:51.454Z"}
{"level":"info","message":"GET /plugins/notyf/notyf.min.css","service":"user-service","timestamp":"2024-03-28T11:47:51.460Z"}
{"level":"info","message":"GET /plugins/jquery/jquery.min.js","service":"user-service","timestamp":"2024-03-28T11:47:51.467Z"}
{"level":"info","message":"GET /plugins/bootstrap/js/bootstrap.bundle.min.js","service":"user-service","timestamp":"2024-03-28T11:47:51.481Z"}
{"level":"info","message":"GET /plugins/overlayScrollbars/js/jquery.overlayScrollbars.min.js","service":"user-service","timestamp":"2024-03-28T11:47:51.486Z"}
{"level":"info","message":"GET /js/adminlte.js","service":"user-service","timestamp":"2024-03-28T11:47:51.525Z"}
{"level":"info","message":"GET /plugins/jquery-mousewheel/jquery.mousewheel.js","service":"user-service","timestamp":"2024-03-28T11:47:51.528Z"}
{"level":"info","message":"GET /plugins/raphael/raphael.min.js","service":"user-service","timestamp":"2024-03-28T11:47:51.531Z"}
{"level":"info","message":"GET /plugins/jquery-mapael/jquery.mapael.min.js","service":"user-service","timestamp":"2024-03-28T11:47:51.550Z"}
{"level":"info","message":"GET /plugins/jquery-mapael/maps/usa_states.min.js","service":"user-service","timestamp":"2024-03-28T11:47:51.553Z"}
{"level":"info","message":"GET /plugins/chart.js/Chart.min.js","service":"user-service","timestamp":"2024-03-28T11:47:51.558Z"}
{"level":"info","message":"GET /js/pages/dashboard2.js","service":"user-service","timestamp":"2024-03-28T11:47:51.577Z"}
{"level":"info","message":"GET /plugins/datatables/jquery.dataTables.min.js","service":"user-service","timestamp":"2024-03-28T11:47:51.580Z"}
{"level":"info","message":"GET /plugins/datatables-bs4/js/dataTables.bootstrap4.min.js","service":"user-service","timestamp":"2024-03-28T11:47:51.588Z"}
{"level":"info","message":"GET /plugins/datatables-responsive/js/dataTables.responsive.min.js","service":"user-service","timestamp":"2024-03-28T11:47:51.600Z"}
{"level":"info","message":"GET /plugins/datatables-responsive/js/responsive.bootstrap4.min.js","service":"user-service","timestamp":"2024-03-28T11:47:51.610Z"}
{"level":"info","message":"GET /plugins/datatables-buttons/js/dataTables.buttons.min.js","service":"user-service","timestamp":"2024-03-28T11:47:51.615Z"}
{"level":"info","message":"GET /plugins/datatables-buttons/js/buttons.bootstrap4.min.js","service":"user-service","timestamp":"2024-03-28T11:47:51.642Z"}
{"level":"info","message":"GET /plugins/jszip/jszip.min.js","service":"user-service","timestamp":"2024-03-28T11:47:51.655Z"}
{"level":"info","message":"GET /plugins/pdfmake/pdfmake.min.js","service":"user-service","timestamp":"2024-03-28T11:47:51.659Z"}
{"level":"info","message":"GET /plugins/pdfmake/vfs_fonts.js","service":"user-service","timestamp":"2024-03-28T11:47:51.662Z"}
{"level":"info","message":"GET /plugins/datatables-buttons/js/buttons.html5.min.js","service":"user-service","timestamp":"2024-03-28T11:47:51.671Z"}
{"level":"info","message":"GET /plugins/datatables-buttons/js/buttons.print.min.js","service":"user-service","timestamp":"2024-03-28T11:47:51.675Z"}
{"level":"info","message":"GET /plugins/datatables-buttons/js/buttons.colVis.min.js","service":"user-service","timestamp":"2024-03-28T11:47:51.692Z"}
{"level":"info","message":"GET /plugins/sweetalert2/sweetalert2.all.min.js","service":"user-service","timestamp":"2024-03-28T11:47:51.696Z"}
{"level":"info","message":"GET /plugins/notyf/notyf.min.js","service":"user-service","timestamp":"2024-03-28T11:47:51.704Z"}
{"level":"info","message":"GET /js/script.js","service":"user-service","timestamp":"2024-03-28T11:47:51.713Z"}
{"level":"info","message":"GET /favicon.ico","service":"user-service","timestamp":"2024-03-28T11:47:52.057Z"}
{"level":"info","message":"GET /404","service":"user-service","timestamp":"2024-03-28T11:47:52.152Z"}
{"level":"info","message":"GET /error?code=404&title=Page+Not+Found&message=It+looks+like+you+found+a+glitch+in+the+matrix...","service":"user-service","timestamp":"2024-03-28T11:47:52.172Z"}
{"level":"info","message":"GET /employees","service":"user-service","timestamp":"2024-03-28T11:48:08.513Z"}
{"level":"info","message":"GET /plugins/fontawesome-free/css/all.min.css","service":"user-service","timestamp":"2024-03-28T11:48:08.760Z"}
{"level":"info","message":"GET /plugins/overlayScrollbars/css/OverlayScrollbars.min.css","service":"user-service","timestamp":"2024-03-28T11:48:08.764Z"}
{"level":"info","message":"GET /css/adminlte.min.css","service":"user-service","timestamp":"2024-03-28T11:48:08.778Z"}
{"level":"info","message":"GET /plugins/datatables-bs4/css/dataTables.bootstrap4.min.css","service":"user-service","timestamp":"2024-03-28T11:48:08.787Z"}
{"level":"info","message":"GET /plugins/datatables-responsive/css/responsive.bootstrap4.min.css","service":"user-service","timestamp":"2024-03-28T11:48:08.791Z"}
{"level":"info","message":"GET /plugins/datatables-buttons/css/buttons.bootstrap4.min.css","service":"user-service","timestamp":"2024-03-28T11:48:08.795Z"}
{"level":"info","message":"GET /plugins/sweetalert2/sweetalert2.min.css","service":"user-service","timestamp":"2024-03-28T11:48:08.805Z"}
{"level":"info","message":"GET /plugins/notyf/notyf.min.css","service":"user-service","timestamp":"2024-03-28T11:48:08.814Z"}
{"level":"info","message":"GET /plugins/jquery/jquery.min.js","service":"user-service","timestamp":"2024-03-28T11:48:08.827Z"}
{"level":"info","message":"GET /plugins/bootstrap/js/bootstrap.bundle.min.js","service":"user-service","timestamp":"2024-03-28T11:48:08.839Z"}
{"level":"info","message":"GET /plugins/overlayScrollbars/js/jquery.overlayScrollbars.min.js","service":"user-service","timestamp":"2024-03-28T11:48:08.844Z"}
{"level":"info","message":"GET /js/adminlte.js","service":"user-service","timestamp":"2024-03-28T11:48:08.848Z"}
{"level":"info","message":"GET /plugins/jquery-mousewheel/jquery.mousewheel.js","service":"user-service","timestamp":"2024-03-28T11:48:08.878Z"}
{"level":"info","message":"GET /plugins/raphael/raphael.min.js","service":"user-service","timestamp":"2024-03-28T11:48:08.884Z"}
{"level":"info","message":"GET /plugins/jquery-mapael/jquery.mapael.min.js","service":"user-service","timestamp":"2024-03-28T11:48:08.907Z"}
{"level":"info","message":"GET /plugins/jquery-mapael/maps/usa_states.min.js","service":"user-service","timestamp":"2024-03-28T11:48:08.918Z"}
{"level":"info","message":"GET /plugins/chart.js/Chart.min.js","service":"user-service","timestamp":"2024-03-28T11:48:08.926Z"}
{"level":"info","message":"GET /js/pages/dashboard2.js","service":"user-service","timestamp":"2024-03-28T11:48:08.951Z"}
{"level":"info","message":"GET /plugins/datatables/jquery.dataTables.min.js","service":"user-service","timestamp":"2024-03-28T11:48:08.971Z"}
{"level":"info","message":"GET /plugins/datatables-bs4/js/dataTables.bootstrap4.min.js","service":"user-service","timestamp":"2024-03-28T11:48:08.983Z"}
{"level":"info","message":"GET /plugins/datatables-responsive/js/dataTables.responsive.min.js","service":"user-service","timestamp":"2024-03-28T11:48:09.022Z"}
{"level":"info","message":"GET /plugins/datatables-responsive/js/responsive.bootstrap4.min.js","service":"user-service","timestamp":"2024-03-28T11:48:09.035Z"}
{"level":"info","message":"GET /plugins/datatables-buttons/js/dataTables.buttons.min.js","service":"user-service","timestamp":"2024-03-28T11:48:09.044Z"}
{"level":"info","message":"GET /plugins/datatables-buttons/js/buttons.bootstrap4.min.js","service":"user-service","timestamp":"2024-03-28T11:48:09.046Z"}
{"level":"info","message":"GET /plugins/jszip/jszip.min.js","service":"user-service","timestamp":"2024-03-28T11:48:09.054Z"}
{"level":"info","message":"GET /plugins/pdfmake/pdfmake.min.js","service":"user-service","timestamp":"2024-03-28T11:48:09.075Z"}
{"level":"info","message":"GET /plugins/pdfmake/vfs_fonts.js","service":"user-service","timestamp":"2024-03-28T11:48:09.093Z"}
{"level":"info","message":"GET /plugins/datatables-buttons/js/buttons.html5.min.js","service":"user-service","timestamp":"2024-03-28T11:48:09.111Z"}
{"level":"info","message":"GET /plugins/datatables-buttons/js/buttons.print.min.js","service":"user-service","timestamp":"2024-03-28T11:48:09.118Z"}
{"level":"info","message":"GET /plugins/datatables-buttons/js/buttons.colVis.min.js","service":"user-service","timestamp":"2024-03-28T11:48:09.127Z"}
{"level":"info","message":"GET /plugins/sweetalert2/sweetalert2.all.min.js","service":"user-service","timestamp":"2024-03-28T11:48:09.151Z"}
{"level":"info","message":"GET /plugins/notyf/notyf.min.js","service":"user-service","timestamp":"2024-03-28T11:48:09.170Z"}
{"level":"info","message":"GET /js/script.js","service":"user-service","timestamp":"2024-03-28T11:48:09.177Z"}
{"level":"info","message":"GET /favicon.ico","service":"user-service","timestamp":"2024-03-28T11:48:09.293Z"}
{"level":"info","message":"GET /404","service":"user-service","timestamp":"2024-03-28T11:48:09.388Z"}
{"level":"info","message":"GET /error?code=404&title=Page+Not+Found&message=It+looks+like+you+found+a+glitch+in+the+matrix...","service":"user-service","timestamp":"2024-03-28T11:48:09.407Z"}
{"level":"info","message":"GET /employees","service":"user-service","timestamp":"2024-03-28T11:50:47.487Z"}
{"level":"info","message":"GET /plugins/fontawesome-free/css/all.min.css","service":"user-service","timestamp":"2024-03-28T11:50:47.611Z"}
{"level":"info","message":"GET /plugins/overlayScrollbars/css/OverlayScrollbars.min.css","service":"user-service","timestamp":"2024-03-28T11:50:47.614Z"}
{"level":"info","message":"GET /css/adminlte.min.css","service":"user-service","timestamp":"2024-03-28T11:50:47.621Z"}
{"level":"info","message":"GET /plugins/datatables-bs4/css/dataTables.bootstrap4.min.css","service":"user-service","timestamp":"2024-03-28T11:50:47.624Z"}
{"level":"info","message":"GET /plugins/datatables-responsive/css/responsive.bootstrap4.min.css","service":"user-service","timestamp":"2024-03-28T11:50:47.633Z"}
{"level":"info","message":"GET /plugins/datatables-buttons/css/buttons.bootstrap4.min.css","service":"user-service","timestamp":"2024-03-28T11:50:47.636Z"}
{"level":"info","message":"GET /plugins/sweetalert2/sweetalert2.min.css","service":"user-service","timestamp":"2024-03-28T11:50:47.652Z"}
{"level":"info","message":"GET /plugins/notyf/notyf.min.css","service":"user-service","timestamp":"2024-03-28T11:50:47.658Z"}
{"level":"info","message":"GET /plugins/jquery/jquery.min.js","service":"user-service","timestamp":"2024-03-28T11:50:47.662Z"}
{"level":"info","message":"GET /plugins/bootstrap/js/bootstrap.bundle.min.js","service":"user-service","timestamp":"2024-03-28T11:50:47.667Z"}
{"level":"info","message":"GET /plugins/overlayScrollbars/js/jquery.overlayScrollbars.min.js","service":"user-service","timestamp":"2024-03-28T11:50:47.670Z"}
{"level":"info","message":"GET /js/adminlte.js","service":"user-service","timestamp":"2024-03-28T11:50:47.679Z"}
{"level":"info","message":"GET /plugins/jquery-mousewheel/jquery.mousewheel.js","service":"user-service","timestamp":"2024-03-28T11:50:47.702Z"}
{"level":"info","message":"GET /plugins/raphael/raphael.min.js","service":"user-service","timestamp":"2024-03-28T11:50:47.721Z"}
{"level":"info","message":"GET /plugins/jquery-mapael/jquery.mapael.min.js","service":"user-service","timestamp":"2024-03-28T11:50:47.732Z"}
{"level":"info","message":"GET /plugins/jquery-mapael/maps/usa_states.min.js","service":"user-service","timestamp":"2024-03-28T11:50:47.740Z"}
{"level":"info","message":"GET /plugins/chart.js/Chart.min.js","service":"user-service","timestamp":"2024-03-28T11:50:47.753Z"}
{"level":"info","message":"GET /js/pages/dashboard2.js","service":"user-service","timestamp":"2024-03-28T11:50:47.775Z"}
{"level":"info","message":"GET /plugins/datatables/jquery.dataTables.min.js","service":"user-service","timestamp":"2024-03-28T11:50:47.781Z"}
{"level":"info","message":"GET /plugins/datatables-bs4/js/dataTables.bootstrap4.min.js","service":"user-service","timestamp":"2024-03-28T11:50:47.803Z"}
{"level":"info","message":"GET /plugins/datatables-responsive/js/dataTables.responsive.min.js","service":"user-service","timestamp":"2024-03-28T11:50:47.806Z"}
{"level":"info","message":"GET /plugins/datatables-responsive/js/responsive.bootstrap4.min.js","service":"user-service","timestamp":"2024-03-28T11:50:47.816Z"}
{"level":"info","message":"GET /plugins/datatables-buttons/js/dataTables.buttons.min.js","service":"user-service","timestamp":"2024-03-28T11:50:47.825Z"}
{"level":"info","message":"GET /plugins/datatables-buttons/js/buttons.bootstrap4.min.js","service":"user-service","timestamp":"2024-03-28T11:50:47.861Z"}
{"level":"info","message":"GET /plugins/jszip/jszip.min.js","service":"user-service","timestamp":"2024-03-28T11:50:47.900Z"}
{"level":"info","message":"GET /plugins/pdfmake/pdfmake.min.js","service":"user-service","timestamp":"2024-03-28T11:50:47.907Z"}
{"level":"info","message":"GET /plugins/pdfmake/vfs_fonts.js","service":"user-service","timestamp":"2024-03-28T11:50:47.912Z"}
{"level":"info","message":"GET /plugins/datatables-buttons/js/buttons.html5.min.js","service":"user-service","timestamp":"2024-03-28T11:50:47.920Z"}
{"level":"info","message":"GET /plugins/datatables-buttons/js/buttons.print.min.js","service":"user-service","timestamp":"2024-03-28T11:50:47.929Z"}
{"level":"info","message":"GET /plugins/datatables-buttons/js/buttons.colVis.min.js","service":"user-service","timestamp":"2024-03-28T11:50:47.944Z"}
{"level":"info","message":"GET /plugins/sweetalert2/sweetalert2.all.min.js","service":"user-service","timestamp":"2024-03-28T11:50:47.949Z"}
{"level":"info","message":"GET /plugins/notyf/notyf.min.js","service":"user-service","timestamp":"2024-03-28T11:50:47.954Z"}
{"level":"info","message":"GET /js/script.js","service":"user-service","timestamp":"2024-03-28T11:50:47.966Z"}
{"level":"info","message":"GET /plugins/fontawesome-free/webfonts/fa-solid-900.woff2","service":"user-service","timestamp":"2024-03-28T11:50:48.124Z"}
{"level":"info","message":"GET /favicon.ico","service":"user-service","timestamp":"2024-03-28T11:50:48.401Z"}
{"level":"info","message":"GET /404","service":"user-service","timestamp":"2024-03-28T11:50:48.413Z"}
{"level":"info","message":"GET /error?code=404&title=Page+Not+Found&message=It+looks+like+you+found+a+glitch+in+the+matrix...","service":"user-service","timestamp":"2024-03-28T11:50:48.494Z"}
{"level":"info","message":"GET /departments","service":"user-service","timestamp":"2024-03-28T11:51:44.633Z"}
{"level":"info","message":"GET /plugins/fontawesome-free/css/all.min.css","service":"user-service","timestamp":"2024-03-28T11:51:44.772Z"}
{"level":"info","message":"GET /plugins/overlayScrollbars/css/OverlayScrollbars.min.css","service":"user-service","timestamp":"2024-03-28T11:51:44.781Z"}
{"level":"info","message":"GET /css/adminlte.min.css","service":"user-service","timestamp":"2024-03-28T11:51:44.794Z"}
{"level":"info","message":"GET /plugins/datatables-bs4/css/dataTables.bootstrap4.min.css","service":"user-service","timestamp":"2024-03-28T11:51:44.804Z"}
{"level":"info","message":"GET /plugins/datatables-responsive/css/responsive.bootstrap4.min.css","service":"user-service","timestamp":"2024-03-28T11:51:44.808Z"}
{"level":"info","message":"GET /plugins/datatables-buttons/css/buttons.bootstrap4.min.css","service":"user-service","timestamp":"2024-03-28T11:51:44.811Z"}
{"level":"info","message":"GET /plugins/sweetalert2/sweetalert2.min.css","service":"user-service","timestamp":"2024-03-28T11:51:44.821Z"}
{"level":"info","message":"GET /plugins/notyf/notyf.min.css","service":"user-service","timestamp":"2024-03-28T11:51:44.826Z"}
{"level":"info","message":"GET /plugins/jquery/jquery.min.js","service":"user-service","timestamp":"2024-03-28T11:51:44.837Z"}
{"level":"info","message":"GET /plugins/bootstrap/js/bootstrap.bundle.min.js","service":"user-service","timestamp":"2024-03-28T11:51:44.844Z"}
{"level":"info","message":"GET /plugins/overlayScrollbars/js/jquery.overlayScrollbars.min.js","service":"user-service","timestamp":"2024-03-28T11:51:44.853Z"}
{"level":"info","message":"GET /js/adminlte.js","service":"user-service","timestamp":"2024-03-28T11:51:44.857Z"}
{"level":"info","message":"GET /plugins/jquery-mousewheel/jquery.mousewheel.js","service":"user-service","timestamp":"2024-03-28T11:51:44.882Z"}
{"level":"info","message":"GET /plugins/raphael/raphael.min.js","service":"user-service","timestamp":"2024-03-28T11:51:44.904Z"}
{"level":"info","message":"GET /plugins/jquery-mapael/jquery.mapael.min.js","service":"user-service","timestamp":"2024-03-28T11:51:44.915Z"}
{"level":"info","message":"GET /plugins/jquery-mapael/maps/usa_states.min.js","service":"user-service","timestamp":"2024-03-28T11:51:44.919Z"}
{"level":"info","message":"GET /plugins/chart.js/Chart.min.js","service":"user-service","timestamp":"2024-03-28T11:51:44.923Z"}
{"level":"info","message":"GET /js/pages/dashboard2.js","service":"user-service","timestamp":"2024-03-28T11:51:44.927Z"}
{"level":"info","message":"GET /plugins/datatables/jquery.dataTables.min.js","service":"user-service","timestamp":"2024-03-28T11:51:44.944Z"}
{"level":"info","message":"GET /plugins/datatables-bs4/js/dataTables.bootstrap4.min.js","service":"user-service","timestamp":"2024-03-28T11:51:44.948Z"}
{"level":"info","message":"GET /plugins/datatables-responsive/js/dataTables.responsive.min.js","service":"user-service","timestamp":"2024-03-28T11:51:44.966Z"}
{"level":"info","message":"GET /plugins/datatables-responsive/js/responsive.bootstrap4.min.js","service":"user-service","timestamp":"2024-03-28T11:51:44.973Z"}
{"level":"info","message":"GET /plugins/datatables-buttons/js/dataTables.buttons.min.js","service":"user-service","timestamp":"2024-03-28T11:51:44.981Z"}
{"level":"info","message":"GET /plugins/datatables-buttons/js/buttons.bootstrap4.min.js","service":"user-service","timestamp":"2024-03-28T11:51:44.984Z"}
{"level":"info","message":"GET /plugins/jszip/jszip.min.js","service":"user-service","timestamp":"2024-03-28T11:51:45.014Z"}
{"level":"info","message":"GET /plugins/pdfmake/pdfmake.min.js","service":"user-service","timestamp":"2024-03-28T11:51:45.030Z"}
{"level":"info","message":"GET /plugins/pdfmake/vfs_fonts.js","service":"user-service","timestamp":"2024-03-28T11:51:45.052Z"}
{"level":"info","message":"GET /plugins/datatables-buttons/js/buttons.html5.min.js","service":"user-service","timestamp":"2024-03-28T11:51:45.073Z"}
{"level":"info","message":"GET /plugins/datatables-buttons/js/buttons.print.min.js","service":"user-service","timestamp":"2024-03-28T11:51:45.082Z"}
{"level":"info","message":"GET /plugins/datatables-buttons/js/buttons.colVis.min.js","service":"user-service","timestamp":"2024-03-28T11:51:45.088Z"}
{"level":"info","message":"GET /plugins/sweetalert2/sweetalert2.all.min.js","service":"user-service","timestamp":"2024-03-28T11:51:45.111Z"}
{"level":"info","message":"GET /plugins/notyf/notyf.min.js","service":"user-service","timestamp":"2024-03-28T11:51:45.115Z"}
{"level":"info","message":"GET /js/script.js","service":"user-service","timestamp":"2024-03-28T11:51:45.126Z"}
{"level":"info","message":"GET /favicon.ico","service":"user-service","timestamp":"2024-03-28T11:51:45.437Z"}
{"level":"info","message":"GET /404","service":"user-service","timestamp":"2024-03-28T11:51:45.447Z"}
{"level":"info","message":"GET /error?code=404&title=Page+Not+Found&message=It+looks+like+you+found+a+glitch+in+the+matrix...","service":"user-service","timestamp":"2024-03-28T11:51:45.465Z"}
{"level":"info","message":"GET /user-management","service":"user-service","timestamp":"2024-03-28T11:51:45.854Z"}
{"level":"info","message":"GET /plugins/fontawesome-free/css/all.min.css","service":"user-service","timestamp":"2024-03-28T11:51:45.936Z"}
{"level":"info","message":"GET /plugins/overlayScrollbars/css/OverlayScrollbars.min.css","service":"user-service","timestamp":"2024-03-28T11:51:45.941Z"}
{"level":"info","message":"GET /css/adminlte.min.css","service":"user-service","timestamp":"2024-03-28T11:51:45.943Z"}
{"level":"info","message":"GET /plugins/datatables-bs4/css/dataTables.bootstrap4.min.css","service":"user-service","timestamp":"2024-03-28T11:51:45.948Z"}
{"level":"info","message":"GET /plugins/datatables-responsive/css/responsive.bootstrap4.min.css","service":"user-service","timestamp":"2024-03-28T11:51:45.951Z"}
{"level":"info","message":"GET /plugins/datatables-buttons/css/buttons.bootstrap4.min.css","service":"user-service","timestamp":"2024-03-28T11:51:45.954Z"}
{"level":"info","message":"GET /plugins/sweetalert2/sweetalert2.min.css","service":"user-service","timestamp":"2024-03-28T11:51:45.960Z"}
{"level":"info","message":"GET /plugins/notyf/notyf.min.css","service":"user-service","timestamp":"2024-03-28T11:51:45.972Z"}
{"level":"info","message":"GET /plugins/jquery/jquery.min.js","service":"user-service","timestamp":"2024-03-28T11:51:45.975Z"}
{"level":"info","message":"GET /plugins/bootstrap/js/bootstrap.bundle.min.js","service":"user-service","timestamp":"2024-03-28T11:51:45.979Z"}
{"level":"info","message":"GET /plugins/overlayScrollbars/js/jquery.overlayScrollbars.min.js","service":"user-service","timestamp":"2024-03-28T11:51:45.981Z"}
{"level":"info","message":"GET /js/adminlte.js","service":"user-service","timestamp":"2024-03-28T11:51:45.983Z"}
{"level":"info","message":"GET /plugins/jquery-mousewheel/jquery.mousewheel.js","service":"user-service","timestamp":"2024-03-28T11:51:45.986Z"}
{"level":"info","message":"GET /plugins/raphael/raphael.min.js","service":"user-service","timestamp":"2024-03-28T11:51:45.990Z"}
{"level":"info","message":"GET /plugins/jquery-mapael/jquery.mapael.min.js","service":"user-service","timestamp":"2024-03-28T11:51:45.994Z"}
{"level":"info","message":"GET /plugins/jquery-mapael/maps/usa_states.min.js","service":"user-service","timestamp":"2024-03-28T11:51:46.008Z"}
{"level":"info","message":"GET /plugins/chart.js/Chart.min.js","service":"user-service","timestamp":"2024-03-28T11:51:46.011Z"}
{"level":"info","message":"GET /js/pages/dashboard2.js","service":"user-service","timestamp":"2024-03-28T11:51:46.018Z"}
{"level":"info","message":"GET /plugins/datatables/jquery.dataTables.min.js","service":"user-service","timestamp":"2024-03-28T11:51:46.024Z"}
{"level":"info","message":"GET /plugins/datatables-bs4/js/dataTables.bootstrap4.min.js","service":"user-service","timestamp":"2024-03-28T11:51:46.032Z"}
{"level":"info","message":"GET /plugins/datatables-responsive/js/dataTables.responsive.min.js","service":"user-service","timestamp":"2024-03-28T11:51:46.046Z"}
{"level":"info","message":"GET /plugins/datatables-responsive/js/responsive.bootstrap4.min.js","service":"user-service","timestamp":"2024-03-28T11:51:46.050Z"}
{"level":"info","message":"GET /plugins/datatables-buttons/js/dataTables.buttons.min.js","service":"user-service","timestamp":"2024-03-28T11:51:46.053Z"}
{"level":"info","message":"GET /plugins/datatables-buttons/js/buttons.bootstrap4.min.js","service":"user-service","timestamp":"2024-03-28T11:51:46.066Z"}
{"level":"info","message":"GET /plugins/jszip/jszip.min.js","service":"user-service","timestamp":"2024-03-28T11:51:46.080Z"}
{"level":"info","message":"GET /plugins/pdfmake/pdfmake.min.js","service":"user-service","timestamp":"2024-03-28T11:51:46.085Z"}
{"level":"info","message":"GET /plugins/pdfmake/vfs_fonts.js","service":"user-service","timestamp":"2024-03-28T11:51:46.091Z"}
{"level":"info","message":"GET /plugins/datatables-buttons/js/buttons.html5.min.js","service":"user-service","timestamp":"2024-03-28T11:51:46.103Z"}
{"level":"info","message":"GET /plugins/datatables-buttons/js/buttons.print.min.js","service":"user-service","timestamp":"2024-03-28T11:51:46.105Z"}
{"level":"info","message":"GET /plugins/datatables-buttons/js/buttons.colVis.min.js","service":"user-service","timestamp":"2024-03-28T11:51:46.107Z"}
{"level":"info","message":"GET /plugins/sweetalert2/sweetalert2.all.min.js","service":"user-service","timestamp":"2024-03-28T11:51:46.114Z"}
{"level":"info","message":"GET /plugins/notyf/notyf.min.js","service":"user-service","timestamp":"2024-03-28T11:51:46.124Z"}
{"level":"info","message":"GET /js/script.js","service":"user-service","timestamp":"2024-03-28T11:51:46.130Z"}
{"level":"info","message":"GET /favicon.ico","service":"user-service","timestamp":"2024-03-28T11:51:46.462Z"}
{"level":"info","message":"GET /404","service":"user-service","timestamp":"2024-03-28T11:51:46.478Z"}
{"level":"info","message":"GET /error?code=404&title=Page+Not+Found&message=It+looks+like+you+found+a+glitch+in+the+matrix...","service":"user-service","timestamp":"2024-03-28T11:51:46.490Z"}
{"level":"info","message":"GET /employees","service":"user-service","timestamp":"2024-03-28T11:51:46.896Z"}
{"level":"info","message":"GET /plugins/fontawesome-free/css/all.min.css","service":"user-service","timestamp":"2024-03-28T11:51:47.134Z"}
{"level":"info","message":"GET /plugins/overlayScrollbars/css/OverlayScrollbars.min.css","service":"user-service","timestamp":"2024-03-28T11:51:47.138Z"}
{"level":"info","message":"GET /css/adminlte.min.css","service":"user-service","timestamp":"2024-03-28T11:51:47.140Z"}
{"level":"info","message":"GET /plugins/datatables-bs4/css/dataTables.bootstrap4.min.css","service":"user-service","timestamp":"2024-03-28T11:51:47.146Z"}
{"level":"info","message":"GET /plugins/datatables-responsive/css/responsive.bootstrap4.min.css","service":"user-service","timestamp":"2024-03-28T11:51:47.148Z"}
{"level":"info","message":"GET /plugins/datatables-buttons/css/buttons.bootstrap4.min.css","service":"user-service","timestamp":"2024-03-28T11:51:47.151Z"}
{"level":"info","message":"GET /plugins/sweetalert2/sweetalert2.min.css","service":"user-service","timestamp":"2024-03-28T11:51:47.177Z"}
{"level":"info","message":"GET /plugins/notyf/notyf.min.css","service":"user-service","timestamp":"2024-03-28T11:51:47.186Z"}
{"level":"info","message":"GET /plugins/jquery/jquery.min.js","service":"user-service","timestamp":"2024-03-28T11:51:47.189Z"}
{"level":"info","message":"GET /plugins/bootstrap/js/bootstrap.bundle.min.js","service":"user-service","timestamp":"2024-03-28T11:51:47.193Z"}
{"level":"info","message":"GET /plugins/overlayScrollbars/js/jquery.overlayScrollbars.min.js","service":"user-service","timestamp":"2024-03-28T11:51:47.198Z"}
{"level":"info","message":"GET /js/adminlte.js","service":"user-service","timestamp":"2024-03-28T11:51:47.204Z"}
{"level":"info","message":"GET /plugins/jquery-mousewheel/jquery.mousewheel.js","service":"user-service","timestamp":"2024-03-28T11:51:47.207Z"}
{"level":"info","message":"GET /plugins/raphael/raphael.min.js","service":"user-service","timestamp":"2024-03-28T11:51:47.219Z"}
{"level":"info","message":"GET /plugins/jquery-mapael/jquery.mapael.min.js","service":"user-service","timestamp":"2024-03-28T11:51:47.239Z"}
{"level":"info","message":"GET /plugins/jquery-mapael/maps/usa_states.min.js","service":"user-service","timestamp":"2024-03-28T11:51:47.247Z"}
{"level":"info","message":"GET /plugins/chart.js/Chart.min.js","service":"user-service","timestamp":"2024-03-28T11:51:47.253Z"}
{"level":"info","message":"GET /js/pages/dashboard2.js","service":"user-service","timestamp":"2024-03-28T11:51:47.255Z"}
{"level":"info","message":"GET /plugins/datatables/jquery.dataTables.min.js","service":"user-service","timestamp":"2024-03-28T11:51:47.258Z"}
{"level":"info","message":"GET /plugins/datatables-bs4/js/dataTables.bootstrap4.min.js","service":"user-service","timestamp":"2024-03-28T11:51:47.295Z"}
{"level":"info","message":"GET /plugins/datatables-responsive/js/dataTables.responsive.min.js","service":"user-service","timestamp":"2024-03-28T11:51:47.303Z"}
{"level":"info","message":"GET /plugins/datatables-responsive/js/responsive.bootstrap4.min.js","service":"user-service","timestamp":"2024-03-28T11:51:47.309Z"}
{"level":"info","message":"GET /plugins/datatables-buttons/js/dataTables.buttons.min.js","service":"user-service","timestamp":"2024-03-28T11:51:47.312Z"}
{"level":"info","message":"GET /plugins/datatables-buttons/js/buttons.bootstrap4.min.js","service":"user-service","timestamp":"2024-03-28T11:51:47.317Z"}
{"level":"info","message":"GET /plugins/jszip/jszip.min.js","service":"user-service","timestamp":"2024-03-28T11:51:47.319Z"}
{"level":"info","message":"GET /plugins/pdfmake/pdfmake.min.js","service":"user-service","timestamp":"2024-03-28T11:51:47.326Z"}
{"level":"info","message":"GET /plugins/pdfmake/vfs_fonts.js","service":"user-service","timestamp":"2024-03-28T11:51:47.336Z"}
{"level":"info","message":"GET /plugins/datatables-buttons/js/buttons.html5.min.js","service":"user-service","timestamp":"2024-03-28T11:51:47.340Z"}
{"level":"info","message":"GET /plugins/datatables-buttons/js/buttons.print.min.js","service":"user-service","timestamp":"2024-03-28T11:51:47.364Z"}
{"level":"info","message":"GET /plugins/datatables-buttons/js/buttons.colVis.min.js","service":"user-service","timestamp":"2024-03-28T11:51:47.385Z"}
{"level":"info","message":"GET /plugins/sweetalert2/sweetalert2.all.min.js","service":"user-service","timestamp":"2024-03-28T11:51:47.399Z"}
{"level":"info","message":"GET /plugins/notyf/notyf.min.js","service":"user-service","timestamp":"2024-03-28T11:51:47.402Z"}
{"level":"info","message":"GET /js/script.js","service":"user-service","timestamp":"2024-03-28T11:51:47.419Z"}
{"level":"info","message":"GET /favicon.ico","service":"user-service","timestamp":"2024-03-28T11:51:47.702Z"}
{"level":"info","message":"GET /404","service":"user-service","timestamp":"2024-03-28T11:51:47.717Z"}
{"level":"info","message":"GET /error?code=404&title=Page+Not+Found&message=It+looks+like+you+found+a+glitch+in+the+matrix...","service":"user-service","timestamp":"2024-03-28T11:51:47.730Z"}
